Log file open, 05/28/22 08:30:55
LogWindows: Failed to load 'aqProf.dll' (GetLastError=126)
LogWindows: File 'aqProf.dll' does not exist
LogWindows: Failed to load 'VSPerf140.dll' (GetLastError=126)
LogWindows: File 'VSPerf140.dll' does not exist
LogWindows: Failed to load 'VtuneApi.dll' (GetLastError=126)
LogWindows: File 'VtuneApi.dll' does not exist
LogWindows: Failed to load 'VtuneApi32e.dll' (GetLastError=126)
LogWindows: File 'VtuneApi32e.dll' does not exist
LogInit: Display: Running engine for game: Mini_Golf
LogPlatformFile: Not using cached read wrapper
LogTaskGraph: Started task graph with 5 named threads and 59 total threads with 3 sets of task threads.
LogStats: Stats thread started at 1.140048
LogD3D11RHI: Loaded GFSDK_Aftermath_Lib.x64.dll
LogICUInternationalization: Display: ICU TimeZone Detection - Raw Offset: +1:00, Platform Override: ''
LogPluginManager: Mounting plugin Paper2D
LogPluginManager: Mounting plugin AISupport
LogPluginManager: Mounting plugin LightPropagationVolume
LogPluginManager: Mounting plugin CLionSourceCodeAccess
LogPluginManager: Mounting plugin CodeLiteSourceCodeAccess
LogPluginManager: Mounting plugin GitSourceControl
LogPluginManager: Mounting plugin KDevelopSourceCodeAccess
LogPluginManager: Mounting plugin NullSourceCodeAccess
LogPluginManager: Mounting plugin PerforceSourceControl
LogPluginManager: Mounting plugin SubversionSourceControl
LogPluginManager: Mounting plugin UObjectPlugin
LogPluginManager: Mounting plugin VisualStudioCodeSourceCodeAccess
LogPluginManager: Mounting plugin VisualStudioSourceCodeAccess
LogPluginManager: Mounting plugin XCodeSourceCodeAccess
LogPluginManager: Mounting plugin AssetManagerEditor
LogPluginManager: Mounting plugin CryptoKeys
LogPluginManager: Mounting plugin DataValidation
LogPluginManager: Mounting plugin FacialAnimation
LogPluginManager: Mounting plugin GameplayTagsEditor
LogPluginManager: Mounting plugin MacGraphicsSwitching
LogPluginManager: Mounting plugin MeshEditor
LogPluginManager: Mounting plugin MobileLauncherProfileWizard
LogPluginManager: Mounting plugin PluginBrowser
LogPluginManager: Mounting plugin SpeedTreeImporter
LogPluginManager: Mounting plugin DatasmithContent
LogPluginManager: Mounting plugin AlembicImporter
LogPluginManager: Mounting plugin AppleImageUtils
LogPluginManager: Mounting plugin AppleVision
LogPluginManager: Mounting plugin BackChannel
LogPluginManager: Mounting plugin CharacterAI
LogPluginManager: Mounting plugin GeometryCache
LogPluginManager: Mounting plugin HTML5Networking
LogPluginManager: Mounting plugin ProxyLODPlugin
LogPluginManager: Mounting plugin MagicLeap
LogPluginManager: Mounting plugin MagicLeapEmulator
LogPluginManager: Mounting plugin MagicLeapMedia
LogPluginManager: Mounting plugin AndroidMedia
LogPluginManager: Mounting plugin AvfMedia
LogPluginManager: Mounting plugin ImgMedia
LogPluginManager: Mounting plugin LinearTimecode
LogPluginManager: Mounting plugin MediaCompositing
LogPluginManager: Mounting plugin MediaPlayerEditor
LogPluginManager: Mounting plugin WmfMedia
LogPluginManager: Mounting plugin TcpMessaging
LogPluginManager: Mounting plugin UdpMessaging
LogPluginManager: Mounting plugin ActorSequence
LogPluginManager: Mounting plugin LevelSequenceEditor
LogPluginManager: Mounting plugin MatineeToLevelSequence
LogPluginManager: Mounting plugin NetcodeUnitTest
LogPluginManager: Mounting plugin NUTUnrealEngine4
LogPluginManager: Mounting plugin OnlineSubsystemGooglePlay
LogPluginManager: Mounting plugin OnlineSubsystemIOS
LogPluginManager: Mounting plugin OnlineSubsystem
LogPluginManager: Mounting plugin OnlineSubsystemNull
LogPluginManager: Mounting plugin OnlineSubsystemUtils
LogPluginManager: Mounting plugin LauncherChunkInstaller
LogPluginManager: Mounting plugin AndroidDeviceProfileSelector
LogPluginManager: Mounting plugin AndroidMoviePlayer
LogPluginManager: Mounting plugin AndroidPermission
LogPluginManager: Mounting plugin AppleMoviePlayer
LogPluginManager: Mounting plugin ArchVisCharacter
LogPluginManager: Mounting plugin AudioCapture
LogPluginManager: Mounting plugin CableComponent
LogPluginManager: Mounting plugin CustomMeshComponent
LogPluginManager: Mounting plugin EditableMesh
LogPluginManager: Mounting plugin ExampleDeviceProfileSelector
LogPluginManager: Mounting plugin GoogleCloudMessaging
LogPluginManager: Mounting plugin ImmediatePhysics
LogPluginManager: Mounting plugin IOSDeviceProfileSelector
LogPluginManager: Mounting plugin LinuxDeviceProfileSelector
LogPluginManager: Mounting plugin LocationServicesBPLibrary
LogPluginManager: Mounting plugin MobilePatchingUtils
LogPluginManager: Mounting plugin OculusVR
LogPluginManager: Plugin shader directory ../../../Engine/Plugins/Runtime/Oculus/OculusVR/Shaders found
LogPluginManager: Mapping shader source directory ../../../Engine/Plugins/Runtime/Oculus/OculusVR/Shaders to virtual directory /Plugin/OculusVR
LogPluginManager: Mounting plugin PhysXVehicles
LogPluginManager: Mounting plugin ProceduralMeshComponent
LogPluginManager: Mounting plugin RuntimePhysXCooking
LogPluginManager: Mounting plugin SteamVR
LogPluginManager: Mounting plugin WindowsMoviePlayer
LogStreaming: Display: Took  0.091s to configure plugins.
LogInit: Using libcurl 7.55.1-DEV
LogInit:  - built for x86_64-pc-win32
LogInit:  - supports SSL with OpenSSL/1.0.2h
LogInit:  - supports HTTP deflate (compression) using libz 1.2.8
LogInit:  - other features:
LogInit:      CURL_VERSION_SSL
LogInit:      CURL_VERSION_LIBZ
LogInit:      CURL_VERSION_IPV6
LogInit:      CURL_VERSION_ASYNCHDNS
LogInit:      CURL_VERSION_LARGEFILE
LogInit:      CURL_VERSION_IDN
LogInit:  CurlRequestOptions (configurable via config and command line):
LogInit:  - bVerifyPeer = false  - Libcurl will NOT verify peer certificate
LogInit:  - bUseHttpProxy = false  - Libcurl will NOT use HTTP proxy
LogInit:  - bDontReuseConnections = false  - Libcurl will reuse connections
LogInit:  - CertBundlePath = nullptr  - Libcurl will use whatever was configured at build time.
LogInit:  - MaxHostConnections = 16  - Libcurl will limit the number of connections to a host
LogInit:  - LocalHostAddr = Default
LogInit:  - BufferSize = 65536
LogInit: WinSock: version 1.1 (2.2), MaxSocks=32767, MaxUdp=65467
LogInit: Build: ++UE4+Release-4.20-CL-4369336
LogInit: Engine Version: 4.20.3-4369336+++UE4+Release-4.20
LogInit: Compatible Engine Version: 4.20.0-4212847+++UE4+Release-4.20
LogInit: Net CL: 4212847
LogInit: OS: Windows 10 (), CPU: 12th Gen Intel(R) Core(TM) i7-12700K, GPU: NVIDIA GeForce RTX 3070 Ti
LogInit: Compiled (64-bit): Sep 17 2018 12:26:19
LogInit: Compiled with Visual C++: 19.13.26129.00
LogInit: Build Configuration: Development
LogInit: Branch Name: ++UE4+Release-4.20
LogInit: Command Line:  
LogInit: Base Directory: C:/Program Files/Epic Games/UE_4.20/Engine/Binaries/Win64/
LogInit: Installed Engine Build: 1
LogDevObjectVersion: Number of dev versions registered: 20
LogDevObjectVersion:   Dev-Blueprints (B0D832E4-1F89-4F0D-ACCF-7EB736FD4AA2): 10
LogDevObjectVersion:   Dev-Build (E1C64328-A22C-4D53-A36C-8E866417BD8C): 0
LogDevObjectVersion:   Dev-Core (375EC13C-06E4-48FB-B500-84F0262A717E): 2
LogDevObjectVersion:   Dev-Editor (E4B068ED-F494-42E9-A231-DA0B2E46BB41): 24
LogDevObjectVersion:   Dev-Framework (CFFC743F-43B0-4480-9391-14DF171D2073): 34
LogDevObjectVersion:   Dev-Mobile (B02B49B5-BB20-44E9-A304-32B752E40360): 2
LogDevObjectVersion:   Dev-Networking (A4E4105C-59A1-49B5-A7C5-40C4547EDFEE): 0
LogDevObjectVersion:   Dev-Online (39C831C9-5AE6-47DC-9A44-9C173E1C8E7C): 0
LogDevObjectVersion:   Dev-Physics (78F01B33-EBEA-4F98-B9B4-84EACCB95AA2): 0
LogDevObjectVersion:   Dev-Platform (6631380F-2D4D-43E0-8009-CF276956A95A): 0
LogDevObjectVersion:   Dev-Rendering (12F88B9F-8875-4AFC-A67C-D90C383ABD29): 26
LogDevObjectVersion:   Dev-Sequencer (7B5AE74C-D270-4C10-A958-57980B212A5A): 9
LogDevObjectVersion:   Dev-VR (D7296918-1DD6-4BDD-9DE2-64A83CC13884): 2
LogDevObjectVersion:   Dev-LoadTimes (C2A15278-BFE7-4AFE-6C17-90FF531DF755): 1
LogDevObjectVersion:   Private-Geometry (6EACA3D4-40EC-4CC1-B786-8BED09428FC5): 3
LogDevObjectVersion:   Dev-AnimPhys (29E575DD-E0A3-4627-9D10-D276232CDCEA): 17
LogDevObjectVersion:   Dev-ReflectionCapture (6B266CEC-1EC7-4B8F-A30B-E4D90942FC07): 1
LogDevObjectVersion:   Dev-Automation (0DF73D61-A23F-47EA-B727-89E90C41499A): 1
LogDevObjectVersion:   FortniteMain (601D1886-AC64-4F84-AA16-D3DE0DEAC7D6): 12
LogDevObjectVersion:   Dev-Enterprise (9DFFBCD6-494F-0158-E221-12823C92A888): 1
LogStreaming: Display: Took  0.003s to delete old logs.
LogInit: Presizing for max 8388607 objects, including 0 objects not considered by GC, pre-allocating 0 bytes for permanent pool.
LogInit: Object subsystem initialized
[2022.05.28-06.30.55:757][  0]LogInit: Selected Device Profile: [Windows]
[2022.05.28-06.30.55:757][  0]LogInit: Applying CVar settings loaded from the selected device profile: [Windows]
[2022.05.28-06.30.55:762][  0]LogHAL: Display: Platform has ~ 32 GB [34088554496 / 34359738368 / 32], which maps to Largest [LargestMinGB=32, LargerMinGB=12, DefaultMinGB=8, SmallerMinGB=6, SmallestMinGB=0)
[2022.05.28-06.30.55:762][  0]LogInit: Setting Device Profile CVar: [[r.Vulkan.UseRealUBs:1]]
[2022.05.28-06.30.55:763][  0]LogInit: Going up to parent DeviceProfile []
[2022.05.28-06.30.55:763][  0]LogInit: Computer: DESKTOP-P91QD9T
[2022.05.28-06.30.55:763][  0]LogInit: User: Daniele
[2022.05.28-06.30.55:763][  0]LogInit: CPU Page size=4096, Cores=12
[2022.05.28-06.30.55:763][  0]LogInit: High frequency timer resolution =10.000000 MHz
[2022.05.28-06.30.55:763][  0]LogMemory: Memory total: Physical=31.7GB (32GB approx)
[2022.05.28-06.30.55:763][  0]LogMemory: Platform Memory Stats for Windows
[2022.05.28-06.30.55:763][  0]LogMemory: Process Physical Memory: 104.09 MB used, 104.10 MB peak
[2022.05.28-06.30.55:763][  0]LogMemory: Process Virtual Memory: 92.14 MB used, 92.14 MB peak
[2022.05.28-06.30.55:763][  0]LogMemory: Physical Memory: 8792.24 MB used,  23717.14 MB free, 32509.38 MB total
[2022.05.28-06.30.55:763][  0]LogMemory: Virtual Memory: 4680.36 MB used,  23717.14 MB free, 134217728.00 MB total
[2022.05.28-06.30.55:884][  0]LogInit: Using OS detected language (it-IT).
[2022.05.28-06.30.55:884][  0]LogInit: Using OS detected locale (it-IT).
[2022.05.28-06.30.55:885][  0]LogTextLocalizationManager: No specific localization for 'it-IT' exists, so the 'it' localization will be used.
[2022.05.28-06.30.55:887][  0]LogStreaming: Display: Took  0.003s to InitEngineTextLocalization.
[2022.05.28-06.30.55:887][  0]LogInit: Setting process to per monitor DPI aware
[2022.05.28-06.30.55:917][  0]LogSlate: New Slate User Created.  User Index 0, Is Virtual User: 0
[2022.05.28-06.30.55:917][  0]LogSlate: Slate User Registered.  User Index 0, Is Virtual User: 0
[2022.05.28-06.30.56:139][  0]LogHMD: Failed to initialize OpenVR with code 110
[2022.05.28-06.30.56:139][  0]LogD3D11RHI: D3D11 adapters:
[2022.05.28-06.30.56:213][  0]LogD3D11RHI:    0. 'NVIDIA GeForce RTX 3070 Ti' (Feature Level 11_0)
[2022.05.28-06.30.56:213][  0]LogD3D11RHI:       8041/0/16254 MB DedicatedVideo/DedicatedSystem/SharedSystem, Outputs:2, VendorId:0x10de
[2022.05.28-06.30.56:214][  0]LogD3D11RHI:    1. 'Microsoft Basic Render Driver' (Feature Level 11_0)
[2022.05.28-06.30.56:214][  0]LogD3D11RHI:       0/0/16254 MB DedicatedVideo/DedicatedSystem/SharedSystem, Outputs:0, VendorId:0x1414
[2022.05.28-06.30.56:214][  0]LogD3D11RHI: Chosen D3D11 Adapter: 0
[2022.05.28-06.30.56:218][  0]LogD3D11RHI: Creating new Direct3DDevice
[2022.05.28-06.30.56:219][  0]LogD3D11RHI:     GPU DeviceId: 0x2482 (for the marketing name, search the web for "GPU Device Id")
[2022.05.28-06.30.56:219][  0]LogWindows: EnumDisplayDevices:
[2022.05.28-06.30.56:219][  0]LogWindows:    0. 'NVIDIA GeForce RTX 3070 Ti' (P:1 D:1)
[2022.05.28-06.30.56:219][  0]LogWindows:    1. 'NVIDIA GeForce RTX 3070 Ti' (P:0 D:1)
[2022.05.28-06.30.56:219][  0]LogWindows:    2. 'NVIDIA GeForce RTX 3070 Ti' (P:0 D:0)
[2022.05.28-06.30.56:219][  0]LogWindows:    3. 'NVIDIA GeForce RTX 3070 Ti' (P:0 D:0)
[2022.05.28-06.30.56:219][  0]LogWindows: DebugString: FoundDriverCount:4 
[2022.05.28-06.30.56:219][  0]LogD3D11RHI:     Adapter Name: NVIDIA GeForce RTX 3070 Ti
[2022.05.28-06.30.56:219][  0]LogD3D11RHI:   Driver Version: 512.95 (internal:30.0.15.1295, unified:512.95)
[2022.05.28-06.30.56:219][  0]LogD3D11RHI:      Driver Date: 5-19-2022
[2022.05.28-06.30.56:219][  0]LogRHI: Texture pool is 5628 MB (70% of 8041 MB)
[2022.05.28-06.30.56:258][  0]LogD3D11RHI: Async texture creation enabled
[2022.05.28-06.30.56:272][  0]LogD3D11RHI: GPU Timing Frequency: 1000.000000 (Debug: 2 1)
[2022.05.28-06.30.56:275][  0]LogShaderCompilers: Guid format shader working directory is -25 characters bigger than the processId version (../../../../../../Users/Daniele/Documents/Unreal Projects/Mini_Golf 4.20/Intermediate/Shaders/WorkingDirectory/23880/).
[2022.05.28-06.30.56:275][  0]LogShaderCompilers: Cleaned the shader compiler working directory 'C:/Users/Daniele/AppData/Local/Temp/UnrealShaderWorkingDir/D38345A74D79398B1A6561A35E83C865/'.
[2022.05.28-06.30.56:442][  0]LogTemp: Display: Loaded TP AllDesktopTargetPlatform
[2022.05.28-06.30.56:452][  0]LogTemp: Display: Loaded TP MacClientTargetPlatform
[2022.05.28-06.30.56:462][  0]LogTemp: Display: Loaded TP MacNoEditorTargetPlatform
[2022.05.28-06.30.56:471][  0]LogTemp: Display: Loaded TP MacServerTargetPlatform
[2022.05.28-06.30.56:483][  0]LogTemp: Display: Loaded TP MacTargetPlatform
[2022.05.28-06.30.56:492][  0]LogTemp: Display: Loaded TP WindowsClientTargetPlatform
[2022.05.28-06.30.56:502][  0]LogTemp: Display: Loaded TP WindowsNoEditorTargetPlatform
[2022.05.28-06.30.56:513][  0]LogTemp: Display: Loaded TP WindowsServerTargetPlatform
[2022.05.28-06.30.56:519][  0]LogTemp: Display: Loaded TP WindowsTargetPlatform
[2022.05.28-06.30.56:566][  0]LogTemp: Display: Loaded TP AndroidTargetPlatform
[2022.05.28-06.30.56:566][  0]LogTemp: Display: Loaded TP AndroidTargetPlatform
[2022.05.28-06.30.56:566][  0]LogTemp: Display: Loaded TP AndroidTargetPlatform
[2022.05.28-06.30.56:566][  0]LogTemp: Display: Loaded TP AndroidTargetPlatform
[2022.05.28-06.30.56:566][  0]LogTemp: Display: Loaded TP AndroidTargetPlatform
[2022.05.28-06.30.56:566][  0]LogTemp: Display: Loaded TP AndroidTargetPlatform
[2022.05.28-06.30.56:566][  0]LogTemp: Display: Loaded TP AndroidTargetPlatform
[2022.05.28-06.30.56:566][  0]LogTemp: Display: Loaded TP AndroidTargetPlatform
[2022.05.28-06.30.56:566][  0]LogTemp: Display: Loaded TP AndroidTargetPlatform
[2022.05.28-06.30.56:566][  0]LogTemp: Display: Loaded TP AndroidTargetPlatform
[2022.05.28-06.30.56:566][  0]LogTemp: Display: Loaded TP AndroidTargetPlatform
[2022.05.28-06.30.56:566][  0]LogTemp: Display: Loaded TP AndroidTargetPlatform
[2022.05.28-06.30.56:566][  0]LogTemp: Display: Loaded TP AndroidTargetPlatform
[2022.05.28-06.30.56:566][  0]LogTemp: Display: Loaded TP AndroidTargetPlatform
[2022.05.28-06.30.56:566][  0]LogTemp: Display: Loaded TP AndroidTargetPlatform
[2022.05.28-06.30.56:566][  0]LogTemp: Display: Loaded TP AndroidTargetPlatform
[2022.05.28-06.30.56:566][  0]LogTemp: Display: Loaded TP AndroidTargetPlatform
[2022.05.28-06.30.56:566][  0]LogTemp: Display: Loaded TP AndroidTargetPlatform
[2022.05.28-06.30.56:571][  0]LogTemp: Display: Loaded TP HTML5TargetPlatform
[2022.05.28-06.30.56:629][  0]LogTemp: Display: Loaded TP IOSTargetPlatform
[2022.05.28-06.30.56:629][  0]LogTemp: Display: Loaded TP IOSTargetPlatform
[2022.05.28-06.30.56:645][  0]LogTemp: Display: Loaded TP TVOSTargetPlatform
[2022.05.28-06.30.56:645][  0]LogTemp: Display: Loaded TP TVOSTargetPlatform
[2022.05.28-06.30.56:656][  0]LogTemp: Display: Loaded TP LinuxClientTargetPlatform
[2022.05.28-06.30.56:666][  0]LogTemp: Display: Loaded TP LinuxNoEditorTargetPlatform
[2022.05.28-06.30.56:675][  0]LogTemp: Display: Loaded TP LinuxServerTargetPlatform
[2022.05.28-06.30.56:686][  0]LogTemp: Display: Loaded TP LinuxTargetPlatform
[2022.05.28-06.30.56:693][  0]LogTemp: Display: Loaded TP LuminTargetPlatform
[2022.05.28-06.30.56:693][  0]LogTargetPlatformManager: Display: Building Assets For Windows
[2022.05.28-06.30.56:848][  0]LogXGEController: Cleaning working directory: C:/Users/Daniele/AppData/Local/Temp/UnrealXGEWorkingDir/
[2022.05.28-06.30.56:849][  0]LogXGEController: Cannot use XGE Controller as Incredibuild is not installed on this machine.
[2022.05.28-06.30.56:849][  0]LogShaderCompilers: Cannot use XGE Shader Compiler as Incredibuild is not installed on this machine.
[2022.05.28-06.30.56:849][  0]LogShaderCompilers: Display: Using Local Shader Compiler.
[2022.05.28-06.30.57:383][  0]LogDerivedDataCache: Display: Max Cache Size: 512 MB
[2022.05.28-06.30.57:467][  0]LogDerivedDataCache: Loaded boot cache 0.08s 71MB C:/Users/Daniele/AppData/Local/UnrealEngine/4.20/DerivedDataCache/Boot.ddc.
[2022.05.28-06.30.57:467][  0]LogDerivedDataCache: Display: Loaded Boot cache: C:/Users/Daniele/AppData/Local/UnrealEngine/4.20/DerivedDataCache/Boot.ddc
[2022.05.28-06.30.57:467][  0]LogDerivedDataCache: FDerivedDataBackendGraph:  Pak pak cache file ../../../../../../Users/Daniele/Documents/Unreal Projects/Mini_Golf 4.20/DerivedDataCache/DDC.ddp not found, will not use a pak cache.
[2022.05.28-06.30.57:467][  0]LogDerivedDataCache: Unable to find inner node Pak for hierarchical cache Hierarchy.
[2022.05.28-06.30.57:467][  0]LogDerivedDataCache: FDerivedDataBackendGraph:  CompressedPak pak cache file ../../../../../../Users/Daniele/Documents/Unreal Projects/Mini_Golf 4.20/DerivedDataCache/Compressed.ddp not found, will not use a pak cache.
[2022.05.28-06.30.57:467][  0]LogDerivedDataCache: Unable to find inner node CompressedPak for hierarchical cache Hierarchy.
[2022.05.28-06.30.57:477][  0]LogDerivedDataCache: Display: Pak cache opened for reading ../../../Engine/DerivedDataCache/Compressed.ddp.
[2022.05.28-06.30.57:489][  0]LogDerivedDataCache: Using Local data cache path C:/Users/Daniele/AppData/Local/UnrealEngine/Common/DerivedDataCache: Writable
[2022.05.28-06.30.57:489][  0]LogDerivedDataCache: Shared data cache path not found in *engine.ini, will not use an Shared cache.
[2022.05.28-06.30.57:489][  0]LogDerivedDataCache: Unable to find inner node Shared for hierarchical cache Hierarchy.
[2022.05.28-06.30.57:499][  0]LogMaterial: Verifying Global Shaders for PCD3D_SM5
[2022.05.28-06.30.57:501][  0]LogSlate: Using FreeType 2.6.0
[2022.05.28-06.30.57:502][  0]LogSlate: SlateFontServices - WITH_FREETYPE: 1, WITH_HARFBUZZ: 1
[2022.05.28-06.30.57:602][  0]LogAssetRegistry: FAssetRegistry took 0.0242 seconds to start up
[2022.05.28-06.30.57:792][  0]LogInit: Selected Device Profile: [Windows]
[2022.05.28-06.30.57:948][  0]LogSimplygon: Simplygon DLL not present - disabling.
[2022.05.28-06.30.57:965][  0]LogMeshReduction: Using SimplygonSwarm for distributed automatic mesh merging
[2022.05.28-06.30.57:965][  0]LogMeshReduction: Using ProxyLODMeshReduction for automatic mesh merging
[2022.05.28-06.30.57:965][  0]LogMeshReduction: Using QuadricMeshReduction for automatic static mesh reduction
[2022.05.28-06.30.57:965][  0]LogMeshReduction: No automatic skeletal mesh reduction module available
[2022.05.28-06.30.57:980][  0]LogNetVersion: Mini_Golf 1.0.0, NetCL: 4212847, EngineNetVer: 5, GameNetVer: 0 (Checksum: 1845432447)
[2022.05.28-06.30.58:328][  0]LogPackageLocalizationCache: Processed 11 localized package path(s) for 2 prioritized culture(s) in 0.047765 seconds
[2022.05.28-06.30.58:332][  0]LogUObjectArray: 38425 objects as part of root set at end of initial load.
[2022.05.28-06.30.58:332][  0]LogUObjectAllocator: 6690864 out of 0 bytes used by permanent object pool.
[2022.05.28-06.30.58:332][  0]LogUObjectArray: CloseDisregardForGC: 0/0 objects in disregard for GC pool
[2022.05.28-06.30.59:477][  0]LogTcpMessaging: Initializing TcpMessaging bridge
[2022.05.28-06.30.59:495][  0]LogUdpMessaging: Initializing bridge on interface 0.0.0.0:0 to multicast group 230.0.0.1:6666.
[2022.05.28-06.30.59:687][  0]SourceControl: Source control is disabled
[2022.05.28-06.30.59:687][  0]SourceControl: Source control is disabled
[2022.05.28-06.30.59:696][  0]SourceControl: Source control is disabled
[2022.05.28-06.30.59:700][  0]SourceControl: Source control is disabled
[2022.05.28-06.30.59:994][  0]LogAndroidPermission: UAndroidPermissionCallbackProxy::GetInstance
[2022.05.28-06.31.00:076][  0]LogOcInput: OculusInput pre-init called
[2022.05.28-06.31.00:141][  0]LogEngine: Initializing Engine...
[2022.05.28-06.31.00:142][  0]LogHMD: Failed to initialize OpenVR with code 110
[2022.05.28-06.31.00:142][  0]LogStats: UGameplayTagsManager::ConstructGameplayTagTree: ImportINI prefixes -  0.000 s
[2022.05.28-06.31.00:142][  0]LogStats: UGameplayTagsManager::ConstructGameplayTagTree: Construct from data asset -  0.000 s
[2022.05.28-06.31.00:142][  0]LogStats: UGameplayTagsManager::ConstructGameplayTagTree: ImportINI -  0.000 s
[2022.05.28-06.31.00:142][  0]LogStats: UGameplayTagsManager::ConstructGameplayTagTree: GameplayTagTreeChangedEvent.Broadcast -  0.000 s
[2022.05.28-06.31.00:252][  0]LogInit: Initializing FReadOnlyCVARCache
[2022.05.28-06.31.00:268][  0]LogAIModule: Creating AISystem for world Untitled
[2022.05.28-06.31.00:283][  0]LogInit: XAudio2 using 'Altoparlanti (Turtle Beach P11 Headset)' : 2 channels at 48 kHz using 16 bits per sample (channel mask 0x3)
[2022.05.28-06.31.00:292][  0]LogInit: FAudioDevice initialized.
[2022.05.28-06.31.00:292][  0]LogNetVersion: Set ProjectVersion to 1.0.0.0. Version Checksum will be recalculated on next use.
[2022.05.28-06.31.00:314][  0]LogDerivedDataCache: Saved boot cache 0.02s 71MB C:/Users/Daniele/AppData/Local/UnrealEngine/4.20/DerivedDataCache/Boot.ddc.
[2022.05.28-06.31.00:316][  0]LogInit: Texture streaming: Enabled
[2022.05.28-06.31.00:338][  0]LogEngineSessionManager: EngineSessionManager initialized
[2022.05.28-06.31.00:349][  0]LogInit: Transaction tracking system initialized
[2022.05.28-06.31.00:383][  0]BlueprintLog: New page: Editor Load
[2022.05.28-06.31.00:543][  0]LocalizationService: Localization service is disabled
[2022.05.28-06.31.00:806][  0]LogCook: Display: Max memory allowance for cook 16384mb min free memory 0mb
[2022.05.28-06.31.00:806][  0]LogCook: Display: Mobile HDR setting 1
[2022.05.28-06.31.00:806][  0]LogGameplayTags: Display: UGameplayTagsManager::DoneAddingNativeTags. DelegateIsBound: 0
[2022.05.28-06.31.00:806][  0]LogStats: UGameplayTagsManager::ConstructGameplayTagTree: ImportINI prefixes -  0.000 s
[2022.05.28-06.31.00:806][  0]LogStats: UGameplayTagsManager::ConstructGameplayTagTree: Construct from data asset -  0.000 s
[2022.05.28-06.31.00:807][  0]LogStats: UGameplayTagsManager::ConstructGameplayTagTree: ImportINI -  0.000 s
[2022.05.28-06.31.00:807][  0]LogStats: UGameplayTagsManager::ConstructGameplayTagTree: GameplayTagTreeChangedEvent.Broadcast -  0.000 s
[2022.05.28-06.31.01:006][  0]LogFileCache: Scanning file cache for directory 'C:/Users/Daniele/Documents/Unreal Projects/Mini_Golf 4.20/Content/' took 0.01s
[2022.05.28-06.31.01:006][  0]SourceControl: Source control is disabled
[2022.05.28-06.31.01:006][  0]Cmd: MAP LOAD FILE="../../../../../../Users/Daniele/Documents/Unreal Projects/Mini_Golf 4.20/Content/Mini_Golf/Levels/Overview.umap" TEMPLATE=0 SHOWPROGRESS=1 FEATURELEVEL=3
[2022.05.28-06.31.01:007][  0]LightingResults: New page: Lighting Build
[2022.05.28-06.31.01:009][  0]MapCheck: New page: Map Check
[2022.05.28-06.31.01:009][  0]LightingResults: New page: Lighting Build
[2022.05.28-06.31.01:867][  0]LogAIModule: Creating AISystem for world Overview
[2022.05.28-06.31.01:881][  0]LogEditorServer: Finished looking for orphan Actors (0.000 secs)
[2022.05.28-06.31.01:903][  0]Cmd: MAP CHECKDEP NOCLEARLOG
[2022.05.28-06.31.01:964][  0]MapCheck: Map check complete: 0 Error(s), 0 Warning(s), took 60,9ms to complete.
[2022.05.28-06.31.01:964][  0]LogFileHelpers: Loading map 'Overview' took 0.958
[2022.05.28-06.31.02:063][  0]LogSlate: Updating window title bar state: overlay mode, drag disabled, window buttons hidden, title bar hidden
[2022.05.28-06.31.02:067][  0]LogSlate: Updating window title bar state: overlay mode, drag disabled, window buttons hidden, title bar hidden
[2022.05.28-06.31.02:071][  0]LogSlate: Updating window title bar state: overlay mode, drag disabled, window buttons hidden, title bar hidden
[2022.05.28-06.31.02:074][  0]LogSlate: Updating window title bar state: overlay mode, drag disabled, window buttons hidden, title bar hidden
[2022.05.28-06.31.02:084][  0]LogCollectionManager: Loaded 0 collections in 0.001015 seconds
[2022.05.28-06.31.02:127][  0]LogFileCache: Scanning file cache for directory 'C:/Users/Daniele/Documents/Unreal Projects/Mini_Golf 4.20/Saved/Collections/' took 0.01s
[2022.05.28-06.31.02:127][  0]LogFileCache: Scanning file cache for directory 'C:/Users/Daniele/Documents/Unreal Projects/Mini_Golf 4.20/Content/Developers/Daniele/Collections/' took 0.01s
[2022.05.28-06.31.02:127][  0]LogFileCache: Scanning file cache for directory 'C:/Users/Daniele/Documents/Unreal Projects/Mini_Golf 4.20/Content/Collections/' took 0.01s
[2022.05.28-06.31.02:127][  0]LogCollectionManager: Rebuilt the GUID cache for 0 collections in 0.000000 seconds
[2022.05.28-06.31.02:132][  0]LogContentBrowser: Native class hierarchy populated in 0.0050 seconds. Added 2572 classes and 603 folders.
[2022.05.28-06.31.02:136][  0]LogContentBrowser: Native class hierarchy updated for 'WidgetCarousel' in 0.0001 seconds. Added 0 classes and 0 folders.
[2022.05.28-06.31.02:185][  0]LogContentBrowser: Native class hierarchy updated for 'AddContentDialog' in 0.0002 seconds. Added 0 classes and 0 folders.
[2022.05.28-06.31.02:195][  0]LogContentBrowser: Native class hierarchy updated for 'SceneOutliner' in 0.0002 seconds. Added 1 classes and 2 folders.
[2022.05.28-06.31.02:216][  0]LogSlate: Took 0.001328 seconds to synchronously load lazily loaded font '../../../Engine/Content/Slate/Fonts/Roboto-Regular.ttf' (155K)
[2022.05.28-06.31.02:218][  0]LogSlate: Took 0.000739 seconds to synchronously load lazily loaded font '../../../Engine/Content/Slate/Fonts/Roboto-Bold.ttf' (160K)
[2022.05.28-06.31.02:221][  0]LogSlate: Took 0.000576 seconds to synchronously load lazily loaded font '../../../Engine/Content/Editor/Slate/Fonts/FontAwesome.ttf' (139K)
[2022.05.28-06.31.02:276][  0]LogRenderer: Reallocating scene render targets to support 1208x576 Format 10 NumSamples 1 (Frame:1).
[2022.05.28-06.31.02:376][  0]LogContentBrowser: Native class hierarchy updated for 'HierarchicalLODOutliner' in 0.0002 seconds. Added 0 classes and 0 folders.
[2022.05.28-06.31.02:376][  0]LogLoad: (Engine Initialization) Total time: 9.45 seconds
[2022.05.28-06.31.02:376][  0]LogLoad: (Engine Initialization) Total Blueprint compile time: 0.00 seconds
[2022.05.28-06.31.02:398][  0]LogAssetRegistry: Asset discovery search completed in 4.8195 seconds
[2022.05.28-06.31.02:399][  0]LogCollectionManager: Rebuilt the object cache for 0 collections in 0.000000 seconds (found 0 objects)
[2022.05.28-06.31.02:399][  0]LogCollectionManager: Fixed up redirectors for 0 collections in 0.000034 seconds (updated 0 objects)
[2022.05.28-06.31.02:401][  0]LogContentStreaming: Texture pool size now 1000 MB
[2022.05.28-06.31.02:419][  0]LogSlate: Took 0.000517 seconds to synchronously load lazily loaded font '../../../Engine/Content/Slate/Fonts/Roboto-Light.ttf' (167K)
[2022.05.28-06.31.14:752][457]Cmd: ACTOR SELECT ALL
[2022.05.28-06.31.16:536][667]LogEditorViewport: Clicking on Actor (LMB): StaticMeshActor (Cube2)
[2022.05.28-06.49.00:612][ 85]LogSlate: FSceneViewport::OnFocusLost() reason 0
[2022.05.28-06.49.01:681][211]LogSlate: Took 0.000130 seconds to synchronously load lazily loaded font '../../../Engine/Content/Slate/Fonts/Roboto-Light.ttf' (167K)
[2022.05.28-06.49.01:816][211]LogAIModule: Creating AISystem for world Presentation
[2022.05.28-06.49.01:831][211]LogAssetEditorManager: Opening Asset editor for World /Game/Mini_Golf/Levels/Presentation.Presentation
[2022.05.28-06.49.01:853][211]Cmd: MAP LOAD FILE="../../../../../../Users/Daniele/Documents/Unreal Projects/Mini_Golf 4.20/Content/Mini_Golf/Levels/Presentation.umap" TEMPLATE=0 SHOWPROGRESS=1 FEATURELEVEL=3
[2022.05.28-06.49.01:853][211]LightingResults: New page: Lighting Build
[2022.05.28-06.49.01:853][211]LoadErrors: New page: Loading map: Presentation.umap
[2022.05.28-06.49.01:855][211]MapCheck: New page: Map Check
[2022.05.28-06.49.01:855][211]LightingResults: New page: Lighting Build
[2022.05.28-06.49.01:923][211]LogEditorServer: Finished looking for orphan Actors (0.000 secs)
[2022.05.28-06.49.01:951][211]Cmd: MAP CHECKDEP NOCLEARLOG
[2022.05.28-06.49.02:019][211]MapCheck: Map check complete: 0 Error(s), 0 Warning(s), took 67,893ms to complete.
[2022.05.28-06.49.02:019][211]LogFileHelpers: Loading map 'Presentation' took 0.167
[2022.05.28-06.49.16:406][932]LogSlate: FSceneViewport::OnFocusLost() reason 0
[2022.05.28-06.49.37:297][432]LogEditorViewport: Clicking on Actor (LMB): BP_Preset_4_C (BP_Preset_4)
[2022.05.28-06.50.40:138][953]LogRenderer: Reallocating scene render targets to support 1328x652 Format 10 NumSamples 1 (Frame:11868).
[2022.05.28-06.50.40:176][954]LogRenderer: Reallocating scene render targets to support 1920x1040 Format 10 NumSamples 1 (Frame:11870).
[2022.05.28-06.50.40:187][955]LogSlate: FSceneViewport::OnFocusLost() reason 2
[2022.05.28-06.50.43:711][375]LogSlate: FSceneViewport::OnFocusLost() reason 0
[2022.05.28-06.50.51:252][277]LogSlate: FSceneViewport::OnFocusLost() reason 0
[2022.05.28-06.51.02:302][599]LogTemp: Repeating last play command: Selected Viewport
[2022.05.28-06.51.02:317][599]LogPlayLevel: PlayLevel: No blueprints needed recompiling
[2022.05.28-06.51.02:330][599]PIE: New page: PIE session: Presentation (28/mag/2022 10:51:02)
[2022.05.28-06.51.02:330][599]LogPlayLevel: Creating play world package: /Game/Mini_Golf/Levels/UEDPIE_0_Presentation
[2022.05.28-06.51.02:336][599]LogPlayLevel: PIE: StaticDuplicateObject took: (0.005716s)
[2022.05.28-06.51.02:336][599]LogAIModule: Creating AISystem for world Presentation
[2022.05.28-06.51.02:336][599]LogPlayLevel: PIE: World Init took: (0.000426s)
[2022.05.28-06.51.02:336][599]LogPlayLevel: PIE: Created PIE world by copying editor world from /Game/Mini_Golf/Levels/Presentation.Presentation to /Game/Mini_Golf/Levels/UEDPIE_0_Presentation.Presentation (0.006234s)
[2022.05.28-06.51.02:362][599]LogInit: XAudio2 using 'Altoparlanti (Turtle Beach P11 Headset)' : 2 channels at 48 kHz using 16 bits per sample (channel mask 0x3)
[2022.05.28-06.51.02:370][599]LogInit: FAudioDevice initialized.
[2022.05.28-06.51.02:371][599]LogSlate: FSceneViewport::OnFocusLost() reason 2
[2022.05.28-06.51.02:408][599]LogLoad: Game class is 'GameModeBase'
[2022.05.28-06.51.02:455][599]LogWorld: Bringing World /Game/Mini_Golf/Levels/UEDPIE_0_Presentation.Presentation up for play (max tick rate 0) at 2022.05.28-08.51.02
[2022.05.28-06.51.02:456][599]LogWorld: Bringing up level for play took: 0.046364
[2022.05.28-06.51.02:470][599]LogContentBrowser: Native class hierarchy updated for 'MovieSceneCapture' in 0.0002 seconds. Added 10 classes and 0 folders.
[2022.05.28-06.51.02:471][599]PIE: Play in editor start time for /Game/Mini_Golf/Levels/UEDPIE_0_Presentation -0,072
[2022.05.28-06.52.01:799][709]LogSlate: Updating window title bar state: overlay mode, drag disabled, window buttons hidden, title bar hidden
[2022.05.28-06.52.01:830][709]LogPlayLevel: Display: Shutting down PIE online subsystems
[2022.05.28-06.52.01:849][709]LogSlate: Updating window title bar state: overlay mode, drag disabled, window buttons hidden, title bar hidden
[2022.05.28-06.52.01:904][715]LogPlayLevel: Display: Destroying online subsystem :Context_7
[2022.05.28-06.52.09:506][604]LogSlate: FSceneViewport::OnFocusLost() reason 2
[2022.05.28-06.52.10:621][737]LogSlate: FSceneViewport::OnFocusLost() reason 2
[2022.05.28-06.52.11:753][872]LogPlayLevel: PlayLevel: No blueprints needed recompiling
[2022.05.28-06.52.11:753][872]PIE: New page: SIE session: Presentation (28/mag/2022 10:52:11)
[2022.05.28-06.52.11:753][872]LogPlayLevel: Creating play world package: /Game/Mini_Golf/Levels/UEDPIE_0_Presentation
[2022.05.28-06.52.11:758][872]LogPlayLevel: PIE: StaticDuplicateObject took: (0.005397s)
[2022.05.28-06.52.11:759][872]LogAIModule: Creating AISystem for world Presentation
[2022.05.28-06.52.11:759][872]LogPlayLevel: PIE: World Init took: (0.000405s)
[2022.05.28-06.52.11:759][872]LogPlayLevel: PIE: Created PIE world by copying editor world from /Game/Mini_Golf/Levels/Presentation.Presentation to /Game/Mini_Golf/Levels/UEDPIE_0_Presentation.Presentation (0.005877s)
[2022.05.28-06.52.11:783][872]LogInit: XAudio2 using 'Altoparlanti (Turtle Beach P11 Headset)' : 2 channels at 48 kHz using 16 bits per sample (channel mask 0x3)
[2022.05.28-06.52.11:791][872]LogInit: FAudioDevice initialized.
[2022.05.28-06.52.11:791][872]LogSlate: FSceneViewport::OnFocusLost() reason 2
[2022.05.28-06.52.11:818][872]LogLoad: Game class is 'GameModeBase'
[2022.05.28-06.52.11:862][872]LogWorld: Bringing World /Game/Mini_Golf/Levels/UEDPIE_0_Presentation.Presentation up for play (max tick rate 0) at 2022.05.28-08.52.11
[2022.05.28-06.52.11:863][872]LogWorld: Bringing up level for play took: 0.045030
[2022.05.28-06.52.11:875][872]LogGameMode: FindPlayerStart: PATHS NOT DEFINED or NO PLAYERSTART with positive rating
[2022.05.28-06.52.11:875][872]PIE: Play in editor start time for /Game/Mini_Golf/Levels/UEDPIE_0_Presentation -0,668
[2022.05.28-06.52.14:741][194]LogSlate: FSceneViewport::OnFocusLost() reason 2
[2022.05.28-06.52.22:244][ 92]LogSlate: FSceneViewport::OnFocusLost() reason 0
[2022.05.28-06.52.52:918][766]LogSlate: FSceneViewport::OnFocusLost() reason 0
[2022.05.28-06.53.19:892][995]LogSlate: FSceneViewport::OnFocusLost() reason 0
[2022.05.28-06.53.21:644][205]LogEditorViewport: Clicking on Actor (context menu): StaticMeshActor (Cube)
[2022.05.28-06.53.21:679][205]LogSlate: FSceneViewport::OnFocusLost() reason 2
[2022.05.28-06.53.22:413][286]LogEditorViewport: Clicking on Actor (LMB): StaticMeshActor (Cube)
[2022.05.28-06.53.45:432][ 37]LogEditorViewport: Clicking on Actor (context menu): StaticMeshActor (Cube)
[2022.05.28-06.53.45:446][ 37]LogSlate: FSceneViewport::OnFocusLost() reason 2
[2022.05.28-06.53.53:507][993]LogSlate: FSceneViewport::OnFocusLost() reason 0
[2022.05.28-06.54.52:065][ 10]LogSlate: FSceneViewport::OnFocusLost() reason 0
[2022.05.28-06.55.41:355][961]LogEditorViewport: Clicking on Actor (LMB): BP_Preset_16_C (BP_Preset_16)
[2022.05.28-06.55.50:680][ 61]LogEditorViewport: Clicking on Actor (context menu): StaticMeshActor (Cube)
[2022.05.28-06.55.50:707][ 61]LogSlate: FSceneViewport::OnFocusLost() reason 2
[2022.05.28-06.55.51:875][200]LogEditorViewport: Clicking on Actor (LMB): BP_Preset_3_C (BP_Preset_3)
[2022.05.28-06.56.00:467][200]LogSlate: Updating window title bar state: overlay mode, drag disabled, window buttons hidden, title bar hidden
[2022.05.28-06.56.00:501][200]LogPlayLevel: Display: Shutting down PIE online subsystems
[2022.05.28-06.56.00:521][200]LogSlate: Updating window title bar state: overlay mode, drag disabled, window buttons hidden, title bar hidden
[2022.05.28-06.56.00:568][206]LogPlayLevel: Display: Destroying online subsystem :Context_8
[2022.05.28-06.56.01:643][335]LogEditorViewport: Clicking on Actor (LMB): BP_Windmill_C (BP_Windmill)
[2022.05.28-06.56.06:319][892]LogEditorViewport: Clicking on Actor (CTRL LMB): BP_Preset_3_C (BP_Preset_3)
[2022.05.28-06.56.12:279][599]LogEditorViewport: Clicking on Actor (LMB): BP_Preset_17_C (BP_Preset_17)
[2022.05.28-06.56.22:544][820]LogEditorViewport: Clicking on Actor (LMB): BP_Preset_16_C (BP_Preset_16)
[2022.05.28-06.56.22:840][854]Cmd: CAMERA ALIGN ACTIVEVIEWPORTONLY
[2022.05.28-06.56.25:131][126]LogEditorViewport: Clicking on Actor (LMB): BP_Preset_16_C (BP_Preset_16)
[2022.05.28-06.56.43:925][376]LogTemp: Repeating last play command: Simulate
[2022.05.28-06.56.43:931][376]LogPlayLevel: PlayLevel: No blueprints needed recompiling
[2022.05.28-06.56.43:931][376]PIE: New page: SIE session: Presentation (28/mag/2022 10:56:43)
[2022.05.28-06.56.43:931][376]LogPlayLevel: Creating play world package: /Game/Mini_Golf/Levels/UEDPIE_0_Presentation
[2022.05.28-06.56.43:937][376]LogPlayLevel: PIE: StaticDuplicateObject took: (0.005795s)
[2022.05.28-06.56.43:938][376]LogAIModule: Creating AISystem for world Presentation
[2022.05.28-06.56.43:938][376]LogPlayLevel: PIE: World Init took: (0.000549s)
[2022.05.28-06.56.43:938][376]LogPlayLevel: PIE: Created PIE world by copying editor world from /Game/Mini_Golf/Levels/Presentation.Presentation to /Game/Mini_Golf/Levels/UEDPIE_0_Presentation.Presentation (0.006434s)
[2022.05.28-06.56.43:971][376]LogInit: XAudio2 using 'Altoparlanti (Turtle Beach P11 Headset)' : 2 channels at 48 kHz using 16 bits per sample (channel mask 0x3)
[2022.05.28-06.56.43:976][376]LogInit: FAudioDevice initialized.
[2022.05.28-06.56.43:976][376]LogSlate: FSceneViewport::OnFocusLost() reason 2
[2022.05.28-06.56.44:006][376]LogLoad: Game class is 'GameModeBase'
[2022.05.28-06.56.44:050][376]LogWorld: Bringing World /Game/Mini_Golf/Levels/UEDPIE_0_Presentation.Presentation up for play (max tick rate 0) at 2022.05.28-08.56.44
[2022.05.28-06.56.44:051][376]LogWorld: Bringing up level for play took: 0.045060
[2022.05.28-06.56.44:063][376]LogGameMode: FindPlayerStart: PATHS NOT DEFINED or NO PLAYERSTART with positive rating
[2022.05.28-06.56.44:063][376]PIE: Play in editor start time for /Game/Mini_Golf/Levels/UEDPIE_0_Presentation -0,48
[2022.05.28-06.56.46:978][723]LogEditorViewport: Clicking on Actor (LMB): StaticMeshActor (Cube)
[2022.05.28-06.56.48:024][826]LogSlate: FSceneViewport::OnFocusLost() reason 2
[2022.05.28-06.56.49:527][  6]LogSlate: FSceneViewport::OnFocusLost() reason 0
[2022.05.28-06.56.49:586][ 13]LogSlate: Updating window title bar state: overlay mode, drag disabled, window buttons hidden, title bar hidden
[2022.05.28-06.56.49:622][ 13]LogPlayLevel: Display: Shutting down PIE online subsystems
[2022.05.28-06.56.49:641][ 13]LogSlate: Updating window title bar state: overlay mode, drag disabled, window buttons hidden, title bar hidden
[2022.05.28-06.56.49:690][ 19]LogPlayLevel: Display: Destroying online subsystem :Context_9
[2022.05.28-06.56.50:615][130]LogTemp: Repeating last play command: Simulate
[2022.05.28-06.56.50:621][130]LogPlayLevel: PlayLevel: No blueprints needed recompiling
[2022.05.28-06.56.50:621][130]PIE: New page: SIE session: Presentation (28/mag/2022 10:56:50)
[2022.05.28-06.56.50:621][130]LogPlayLevel: Creating play world package: /Game/Mini_Golf/Levels/UEDPIE_0_Presentation
[2022.05.28-06.56.50:626][130]LogPlayLevel: PIE: StaticDuplicateObject took: (0.005356s)
[2022.05.28-06.56.50:626][130]LogAIModule: Creating AISystem for world Presentation
[2022.05.28-06.56.50:626][130]LogPlayLevel: PIE: World Init took: (0.000390s)
[2022.05.28-06.56.50:626][130]LogPlayLevel: PIE: Created PIE world by copying editor world from /Game/Mini_Golf/Levels/Presentation.Presentation to /Game/Mini_Golf/Levels/UEDPIE_0_Presentation.Presentation (0.005821s)
[2022.05.28-06.56.50:653][130]LogInit: XAudio2 using 'Altoparlanti (Turtle Beach P11 Headset)' : 2 channels at 48 kHz using 16 bits per sample (channel mask 0x3)
[2022.05.28-06.56.50:659][130]LogInit: FAudioDevice initialized.
[2022.05.28-06.56.50:687][130]LogLoad: Game class is 'GameModeBase'
[2022.05.28-06.56.50:731][130]LogWorld: Bringing World /Game/Mini_Golf/Levels/UEDPIE_0_Presentation.Presentation up for play (max tick rate 0) at 2022.05.28-08.56.50
[2022.05.28-06.56.50:732][130]LogWorld: Bringing up level for play took: 0.044398
[2022.05.28-06.56.50:744][130]LogGameMode: FindPlayerStart: PATHS NOT DEFINED or NO PLAYERSTART with positive rating
[2022.05.28-06.56.50:744][130]PIE: Play in editor start time for /Game/Mini_Golf/Levels/UEDPIE_0_Presentation 0,201
[2022.05.28-06.56.53:067][408]LogEditorViewport: Clicking on Actor (context menu): StaticMeshActor (Cube)
[2022.05.28-06.56.53:091][408]LogSlate: FSceneViewport::OnFocusLost() reason 2
[2022.05.28-06.56.53:783][489]LogEditorViewport: Clicking on Actor (LMB): StaticMeshActor (Cube)
[2022.05.28-06.56.54:068][507]LogSlate: FSceneViewport::OnFocusLost() reason 2
[2022.05.28-06.57.40:833][ 89]LogSlate: FSceneViewport::OnFocusLost() reason 2
[2022.05.28-06.58.28:745][890]LogSlate: Took 0.010413 seconds to synchronously load lazily loaded font '../../../Engine/Content/Slate/Fonts/Roboto-Italic.ttf' (157K)
[2022.05.28-06.59.00:312][984]LogSlate: FSceneViewport::OnFocusLost() reason 0
[2022.05.28-06.59.01:716][126]LogAIModule: Creating AISystem for world Overview
[2022.05.28-06.59.01:718][126]LogAssetEditorManager: Opening Asset editor for World /Game/Mini_Golf/Levels/Overview.Overview
[2022.05.28-06.59.03:000][126]LogSlate: Window 'Save Content' being destroyed
[2022.05.28-06.59.03:208][126]LogSavePackage: Moving '../../../../../../Users/Daniele/Documents/Unreal Projects/Mini_Golf 4.20/Saved/Presentation54229204499844055EF7CBB86C8E38F4.tmp' to '../../../../../../Users/Daniele/Documents/Unreal Projects/Mini_Golf 4.20/Content/Mini_Golf/Levels/Presentation.umap'
[2022.05.28-06.59.03:219][126]LogFileHelpers: Saving map 'Presentation' took 0.213
[2022.05.28-06.59.03:223][126]LogSlate: FSceneViewport::OnFocusLost() reason 2
[2022.05.28-06.59.05:734][126]LogSlate: Window 'Message' being destroyed
[2022.05.28-06.59.05:737][126]LogSlate: Updating window title bar state: overlay mode, drag disabled, window buttons hidden, title bar hidden
[2022.05.28-06.59.05:768][126]LogPlayLevel: Display: Shutting down PIE online subsystems
[2022.05.28-06.59.05:791][126]LogSlate: Updating window title bar state: overlay mode, drag disabled, window buttons hidden, title bar hidden
[2022.05.28-06.59.05:794][126]Cmd: MAP LOAD FILE="../../../../../../Users/Daniele/Documents/Unreal Projects/Mini_Golf 4.20/Content/Mini_Golf/Levels/Overview.umap" TEMPLATE=0 SHOWPROGRESS=1 FEATURELEVEL=3
[2022.05.28-06.59.05:799][126]LogSlate: FSceneViewport::OnFocusLost() reason 2
[2022.05.28-06.59.05:806][126]LightingResults: New page: Lighting Build
[2022.05.28-06.59.05:806][126]LoadErrors: New page: Loading map: Overview.umap
[2022.05.28-06.59.05:809][126]MapCheck: New page: Map Check
[2022.05.28-06.59.05:809][126]LightingResults: New page: Lighting Build
[2022.05.28-06.59.05:836][126]LogEditorServer: Finished looking for orphan Actors (0.000 secs)
[2022.05.28-06.59.05:867][126]Cmd: MAP CHECKDEP NOCLEARLOG
[2022.05.28-06.59.05:928][126]MapCheck: Map check complete: 0 Error(s), 0 Warning(s), took 61,37ms to complete.
[2022.05.28-06.59.05:928][126]LogFileHelpers: Loading map 'Overview' took 2.709
[2022.05.28-06.59.05:979][127]LogPlayLevel: Display: Destroying online subsystem :Context_10
[2022.05.28-06.59.19:074][696]LogSlate: FSceneViewport::OnFocusLost() reason 0
[2022.05.28-06.59.20:906][916]LogTemp: Repeating last play command: Simulate
[2022.05.28-06.59.20:912][916]LogPlayLevel: PlayLevel: No blueprints needed recompiling
[2022.05.28-06.59.20:912][916]PIE: New page: SIE session: Overview (28/mag/2022 10:59:20)
[2022.05.28-06.59.20:912][916]LogPlayLevel: Creating play world package: /Game/Mini_Golf/Levels/UEDPIE_0_Overview
[2022.05.28-06.59.20:914][916]LogPlayLevel: PIE: StaticDuplicateObject took: (0.002579s)
[2022.05.28-06.59.20:915][916]LogAIModule: Creating AISystem for world Overview
[2022.05.28-06.59.20:915][916]LogPlayLevel: PIE: World Init took: (0.000432s)
[2022.05.28-06.59.20:915][916]LogPlayLevel: PIE: Created PIE world by copying editor world from /Game/Mini_Golf/Levels/Overview.Overview to /Game/Mini_Golf/Levels/UEDPIE_0_Overview.Overview (0.003090s)
[2022.05.28-06.59.20:939][916]LogInit: XAudio2 using 'Altoparlanti (Turtle Beach P11 Headset)' : 2 channels at 48 kHz using 16 bits per sample (channel mask 0x3)
[2022.05.28-06.59.20:946][916]LogInit: FAudioDevice initialized.
[2022.05.28-06.59.20:977][916]LogLoad: Game class is 'GameModeBase'
[2022.05.28-06.59.20:986][916]LogWorld: Bringing World /Game/Mini_Golf/Levels/UEDPIE_0_Overview.Overview up for play (max tick rate 0) at 2022.05.28-08.59.20
[2022.05.28-06.59.20:987][916]LogWorld: Bringing up level for play took: 0.009572
[2022.05.28-06.59.20:999][916]LogGameMode: FindPlayerStart: PATHS NOT DEFINED or NO PLAYERSTART with positive rating
[2022.05.28-06.59.20:999][916]PIE: Play in editor start time for /Game/Mini_Golf/Levels/UEDPIE_0_Overview 0,456
[2022.05.28-06.59.25:294][427]LogEditorViewport: Clicking on Actor (LMB): StaticMeshActor (Cube)
[2022.05.28-06.59.26:493][553]LogSlate: FSceneViewport::OnFocusLost() reason 2
[2022.05.28-06.59.46:206][893]LogSlate: FSceneViewport::OnFocusLost() reason 2
[2022.05.28-06.59.46:524][931]LogSlate: Updating window title bar state: overlay mode, drag disabled, window buttons hidden, title bar hidden
[2022.05.28-06.59.46:556][931]LogPlayLevel: Display: Shutting down PIE online subsystems
[2022.05.28-06.59.46:574][931]LogSlate: Updating window title bar state: overlay mode, drag disabled, window buttons hidden, title bar hidden
[2022.05.28-06.59.46:631][938]LogPlayLevel: Display: Destroying online subsystem :Context_11
[2022.05.28-07.17.37:467][621]LogSlate: FSceneViewport::OnFocusLost() reason 2
[2022.05.28-07.17.40:529][936]LogEditorViewport: Clicking on Actor (context menu): StaticMeshActor (SM_Component_4)
[2022.05.28-07.17.40:555][936]LogSlate: FSceneViewport::OnFocusLost() reason 2
[2022.05.28-07.17.50:287][ 98]LogSlate: FSceneViewport::OnFocusLost() reason 0
[2022.05.28-07.19.08:459][644]LogSlate: FSceneViewport::OnFocusLost() reason 0
[2022.05.28-07.19.16:271][568]LogAssetEditorManager: Opening Asset editor for StaticMesh /Game/Mini_Golf/Meshes/SM_Golf_Big_1.SM_Golf_Big_1
[2022.05.28-07.19.19:632][933]LogSlate: Window 'SM_Golf_Big_1' being destroyed
[2022.05.28-07.19.19:636][933]LogSlate: Window 'SM_Golf_Big_1' being destroyed
[2022.05.28-07.19.34:574][712]LogAssetEditorManager: Opening Asset editor for StaticMesh /Game/Mini_Golf/Meshes/Components/SM_Tube_X3.SM_Tube_X3
[2022.05.28-07.19.37:410][ 36]LogSlate: Window 'SM_Tube_X3' being destroyed
[2022.05.28-07.19.37:413][ 36]LogSlate: Window 'SM_Tube_X3' being destroyed
[2022.05.28-07.25.38:257][130]LogSavePackage: Moving '../../../../../../Users/Daniele/Documents/Unreal Projects/Mini_Golf 4.20/Saved/Overview7376C3DC477777429A4A128ECD68958E.tmp' to '../../../../../../Users/Daniele/Documents/Unreal Projects/Mini_Golf 4.20/Content/Mini_Golf/Levels/Overview.umap'
[2022.05.28-07.25.43:182][713]LogSlate: Window 'Mini_Golf - Unreal Editor' being destroyed
[2022.05.28-07.25.43:330][714]Cmd: QUIT_EDITOR
[2022.05.28-07.25.43:354][714]LogWindowsTextInputMethodSystem: Display: IME system now deactivated.
[2022.05.28-07.25.43:363][714]LogExit: Preparing to exit.
[2022.05.28-07.25.44:155][714]LogExit: Editor shut down
[2022.05.28-07.25.44:155][714]LogExit: Transaction tracking system shut down
[2022.05.28-07.25.44:399][714]LogExit: Object subsystem successfully closed.
[2022.05.28-07.25.44:424][714]LogShaderCompilers: Display: Shaders left to compile 0
[2022.05.28-07.25.44:425][714]LogD3D11RHI: Shutdown
[2022.05.28-07.25.44:426][714]LogD3D11RHI: CleanupD3DDevice
[2022.05.28-07.25.44:427][714]LogD3D11RHI: ~FD3D11DynamicRHI
[2022.05.28-07.25.44:440][714]LogModuleManager: Shutting down and abandoning module StaticMeshEditor (616)
[2022.05.28-07.25.44:440][714]LogModuleManager: Shutting down and abandoning module MovieSceneCapture (614)
[2022.05.28-07.25.44:440][714]LogModuleManager: Shutting down and abandoning module Voice (612)
[2022.05.28-07.25.44:440][714]LogModuleManager: Shutting down and abandoning module HierarchicalLODOutliner (610)
[2022.05.28-07.25.44:440][714]LogModuleManager: Shutting down and abandoning module SceneOutliner (608)
[2022.05.28-07.25.44:440][714]LogModuleManager: Shutting down and abandoning module AddContentDialog (606)
[2022.05.28-07.25.44:441][714]LogModuleManager: Shutting down and abandoning module WidgetCarousel (605)
[2022.05.28-07.25.44:441][714]LogModuleManager: Shutting down and abandoning module EditorWidgets (602)
[2022.05.28-07.25.44:441][714]LogModuleManager: Shutting down and abandoning module CollectionManager (600)
[2022.05.28-07.25.44:441][714]LogModuleManager: Shutting down and abandoning module StatsViewer (598)
[2022.05.28-07.25.44:441][714]LogModuleManager: Shutting down and abandoning module FoliageEdit (596)
[2022.05.28-07.25.44:441][714]LogModuleManager: Shutting down and abandoning module LandscapeEditor (594)
[2022.05.28-07.25.44:441][714]LogModuleManager: Shutting down and abandoning module MeshPaintMode (592)
[2022.05.28-07.25.44:441][714]LogModuleManager: Shutting down and abandoning module SceneDepthPickerMode (590)
[2022.05.28-07.25.44:441][714]LogModuleManager: Shutting down and abandoning module ActorPickerMode (588)
[2022.05.28-07.25.44:441][714]LogModuleManager: Shutting down and abandoning module GeometryMode (586)
[2022.05.28-07.25.44:441][714]LogModuleManager: Shutting down and abandoning module TextureAlignMode (584)
[2022.05.28-07.25.44:441][714]LogModuleManager: Shutting down and abandoning module BspMode (582)
[2022.05.28-07.25.44:441][714]LogModuleManager: Shutting down and abandoning module PIEPreviewDeviceProfileSelector (580)
[2022.05.28-07.25.44:441][714]LogModuleManager: Shutting down and abandoning module SequenceRecorderSections (578)
[2022.05.28-07.25.44:441][714]LogModuleManager: Shutting down and abandoning module AutomationWorker (576)
[2022.05.28-07.25.44:441][714]LogModuleManager: Shutting down and abandoning module AudioCaptureEditor (574)
[2022.05.28-07.25.44:441][714]LogModuleManager: Shutting down and abandoning module SequenceRecorder (573)
[2022.05.28-07.25.44:441][714]LogModuleManager: Shutting down and abandoning module MatineeToLevelSequence (570)
[2022.05.28-07.25.44:441][714]LogModuleManager: Shutting down and abandoning module LevelSequenceEditor (568)
[2022.05.28-07.25.44:441][714]LogModuleManager: Shutting down and abandoning module PlacementMode (567)
[2022.05.28-07.25.44:441][714]LogModuleManager: Shutting down and abandoning module MaterialEditor (566)
[2022.05.28-07.25.44:442][714]LogModuleManager: Shutting down and abandoning module WmfMediaFactory (562)
[2022.05.28-07.25.44:442][714]LogModuleManager: Shutting down and abandoning module WmfMediaEditor (560)
[2022.05.28-07.25.44:442][714]LogModuleManager: Shutting down and abandoning module MediaPlayerEditor (558)
[2022.05.28-07.25.44:442][714]LogModuleManager: Shutting down and abandoning module OpenExrWrapper (556)
[2022.05.28-07.25.44:442][714]LogModuleManager: Shutting down and abandoning module ImgMediaFactory (554)
[2022.05.28-07.25.44:442][714]LogModuleManager: Shutting down and abandoning module ImgMediaEditor (552)
[2022.05.28-07.25.44:442][714]LogModuleManager: Shutting down and abandoning module AvfMediaFactory (550)
[2022.05.28-07.25.44:442][714]LogModuleManager: Shutting down and abandoning module AvfMediaEditor (548)
[2022.05.28-07.25.44:442][714]LogModuleManager: Shutting down and abandoning module AndroidMediaFactory (546)
[2022.05.28-07.25.44:442][714]LogModuleManager: Shutting down and abandoning module AndroidMediaEditor (544)
[2022.05.28-07.25.44:442][714]LogModuleManager: Shutting down and abandoning module MagicLeapCameraPreviewFactory (542)
[2022.05.28-07.25.44:442][714]LogModuleManager: Shutting down and abandoning module MagicLeapMediaFactory (540)
[2022.05.28-07.25.44:442][714]LogModuleManager: Shutting down and abandoning module MagicLeapMediaEditor (538)
[2022.05.28-07.25.44:442][714]LogModuleManager: Shutting down and abandoning module CharacterAI (536)
[2022.05.28-07.25.44:442][714]LogModuleManager: Shutting down and abandoning module SmartSnapping (534)
[2022.05.28-07.25.44:442][714]LogModuleManager: Shutting down and abandoning module SessionServices (532)
[2022.05.28-07.25.44:442][714]LogModuleManager: Shutting down and abandoning module ViewportSnapping (530)
[2022.05.28-07.25.44:442][714]LogModuleManager: Shutting down and abandoning module ViewportInteraction (528)
[2022.05.28-07.25.44:442][714]LogModuleManager: Shutting down and abandoning module ClothPainter (526)
[2022.05.28-07.25.44:442][714]LogModuleManager: Shutting down and abandoning module SkeletalMeshEditor (525)
[2022.05.28-07.25.44:442][714]LogModuleManager: Shutting down and abandoning module LogVisualizer (522)
[2022.05.28-07.25.44:442][714]LogModuleManager: Shutting down and abandoning module IntroTutorials (520)
[2022.05.28-07.25.44:442][714]LogModuleManager: Shutting down and abandoning module GameProjectGeneration (519)
[2022.05.28-07.25.44:442][714]LogModuleManager: Shutting down and abandoning module LuminPlatformEditor (516)
[2022.05.28-07.25.44:442][714]LogModuleManager: Shutting down and abandoning module IOSPlatformEditor (514)
[2022.05.28-07.25.44:442][714]LogModuleManager: Shutting down and abandoning module HTML5PlatformEditor (512)
[2022.05.28-07.25.44:442][714]LogModuleManager: Shutting down and abandoning module AndroidPlatformEditor (510)
[2022.05.28-07.25.44:442][714]LogModuleManager: Shutting down and abandoning module AndroidDeviceDetection (509)
[2022.05.28-07.25.45:352][714]LogModuleManager: Shutting down and abandoning module WindowsPlatformEditor (506)
[2022.05.28-07.25.45:352][714]LogModuleManager: Shutting down and abandoning module LuminRuntimeSettings (504)
[2022.05.28-07.25.45:352][714]LogModuleManager: Shutting down and abandoning module IOSRuntimeSettings (502)
[2022.05.28-07.25.45:352][714]LogModuleManager: Shutting down and abandoning module AndroidRuntimeSettings (500)
[2022.05.28-07.25.45:352][714]LogModuleManager: Shutting down and abandoning module InputBindingEditor (498)
[2022.05.28-07.25.45:352][714]LogModuleManager: Shutting down and abandoning module MergeActors (496)
[2022.05.28-07.25.45:352][714]LogModuleManager: Shutting down and abandoning module LocalizationDashboard (494)
[2022.05.28-07.25.45:353][714]LogModuleManager: Shutting down and abandoning module LocalizationService (493)
[2022.05.28-07.25.45:353][714]LogModuleManager: Shutting down and abandoning module HardwareTargeting (490)
[2022.05.28-07.25.45:353][714]LogModuleManager: Shutting down and abandoning module DeviceProfileEditor (488)
[2022.05.28-07.25.45:353][714]LogModuleManager: Shutting down and abandoning module UndoHistory (486)
[2022.05.28-07.25.45:353][714]LogModuleManager: Shutting down and abandoning module XmlParser (484)
[2022.05.28-07.25.45:353][714]LogModuleManager: Shutting down and abandoning module Blutility (482)
[2022.05.28-07.25.45:353][714]LogModuleManager: Shutting down and abandoning module ProjectSettingsViewer (480)
[2022.05.28-07.25.45:354][714]LogModuleManager: Shutting down and abandoning module ProjectTargetPlatformEditor (479)
[2022.05.28-07.25.45:354][714]LogModuleManager: Shutting down and abandoning module EditorSettingsViewer (476)
[2022.05.28-07.25.45:354][714]LogModuleManager: Shutting down and abandoning module SettingsEditor (474)
[2022.05.28-07.25.45:354][714]LogModuleManager: Shutting down and abandoning module ProjectLauncher (472)
[2022.05.28-07.25.45:354][714]LogModuleManager: Shutting down and abandoning module SessionFrontend (470)
[2022.05.28-07.25.45:354][714]LogModuleManager: Shutting down and abandoning module ProfilerClient (468)
[2022.05.28-07.25.45:354][714]LogModuleManager: Shutting down and abandoning module DeviceManager (466)
[2022.05.28-07.25.45:354][714]LogModuleManager: Shutting down and abandoning module TargetDeviceServices (465)
[2022.05.28-07.25.45:408][714]LogModuleManager: Shutting down and abandoning module AutomationController (462)
[2022.05.28-07.25.45:408][714]LogModuleManager: Shutting down and abandoning module AutomationWindow (460)
[2022.05.28-07.25.45:408][714]LogModuleManager: Shutting down and abandoning module Layers (458)
[2022.05.28-07.25.45:408][714]LogModuleManager: Shutting down and abandoning module ComponentVisualizers (456)
[2022.05.28-07.25.45:408][714]LogModuleManager: Shutting down and abandoning module DetailCustomizations (454)
[2022.05.28-07.25.45:408][714]LogModuleManager: Shutting down and abandoning module PackagesDialog (452)
[2022.05.28-07.25.45:408][714]LogModuleManager: Shutting down and abandoning module Persona (450)
[2022.05.28-07.25.45:418][714]LogModuleManager: Shutting down and abandoning module AdvancedPreviewScene (449)
[2022.05.28-07.25.45:418][714]LogModuleManager: Shutting down and abandoning module AnimGraph (447)
[2022.05.28-07.25.45:418][714]LogModuleManager: Shutting down and abandoning module Kismet (444)
[2022.05.28-07.25.45:419][714]LogModuleManager: Shutting down and abandoning module GraphEditor (442)
[2022.05.28-07.25.45:420][714]LogModuleManager: Shutting down and abandoning module ClassViewer (440)
[2022.05.28-07.25.45:420][714]LogModuleManager: Shutting down and abandoning module Toolbox (438)
[2022.05.28-07.25.45:420][714]LogModuleManager: Shutting down and abandoning module ModuleUI (436)
[2022.05.28-07.25.45:421][714]LogModuleManager: Shutting down and abandoning module MovieSceneTools (434)
[2022.05.28-07.25.45:421][714]LogModuleManager: Shutting down and abandoning module OutputLog (432)
[2022.05.28-07.25.45:421][714]LogModuleManager: Shutting down and abandoning module GammaUI (430)
[2022.05.28-07.25.45:421][714]LogModuleManager: Shutting down and abandoning module Documentation (428)
[2022.05.28-07.25.45:421][714]LogModuleManager: Shutting down and abandoning module MovieSceneTracks (426)
[2022.05.28-07.25.45:421][714]LogModuleManager: Shutting down and abandoning module MovieScene (424)
[2022.05.28-07.25.45:421][714]LogModuleManager: Shutting down and abandoning module StreamingPauseRendering (422)
[2022.05.28-07.25.45:421][714]LogModuleManager: Shutting down and abandoning module LauncherPlatform (420)
[2022.05.28-07.25.45:421][714]LogModuleManager: Shutting down and abandoning module AnalyticsET (418)
[2022.05.28-07.25.45:421][714]LogModuleManager: Shutting down and abandoning module PortalServices (416)
[2022.05.28-07.25.45:421][714]LogModuleManager: Shutting down and abandoning module PortalRpc (414)
[2022.05.28-07.25.45:421][714]LogModuleManager: Shutting down and abandoning module MessagingRpc (412)
[2022.05.28-07.25.45:421][714]LogModuleManager: Shutting down and abandoning module AIModule (410)
[2022.05.28-07.25.45:421][714]LogModuleManager: Shutting down and abandoning module GameplayDebugger (409)
[2022.05.28-07.25.45:421][714]LogModuleManager: Shutting down and abandoning module AITestSuite (407)
[2022.05.28-07.25.45:422][714]LogModuleManager: Shutting down and abandoning module NavigationSystem (405)
[2022.05.28-07.25.45:422][714]LogModuleManager: Shutting down and abandoning module DesktopPlatform (402)
[2022.05.28-07.25.45:422][714]LogModuleManager: Shutting down and abandoning module ProfilerService (400)
[2022.05.28-07.25.45:668][714]LogModuleManager: Shutting down and abandoning module TaskGraph (398)
[2022.05.28-07.25.45:668][714]LogModuleManager: Shutting down and abandoning module SteamVRController (396)
[2022.05.28-07.25.45:668][714]LogModuleManager: Shutting down and abandoning module ProceduralMeshComponentEditor (394)
[2022.05.28-07.25.45:668][714]LogModuleManager: Shutting down and abandoning module ProceduralMeshComponent (392)
[2022.05.28-07.25.45:668][714]LogModuleManager: Shutting down and abandoning module OculusInput (390)
[2022.05.28-07.25.45:668][714]LogModuleManager: Shutting down and abandoning module MobilePatchingUtils (388)
[2022.05.28-07.25.45:668][714]LogModuleManager: Shutting down and abandoning module EditableMesh (386)
[2022.05.28-07.25.45:668][714]LogModuleManager: Shutting down and abandoning module CustomMeshComponent (384)
[2022.05.28-07.25.45:668][714]LogModuleManager: Shutting down and abandoning module CableComponent (382)
[2022.05.28-07.25.45:668][714]LogModuleManager: Shutting down and abandoning module AudioCapture (380)
[2022.05.28-07.25.45:668][714]LogModuleManager: Shutting down and abandoning module ArchVisCharacter (378)
[2022.05.28-07.25.45:668][714]LogModuleManager: Shutting down and abandoning module AndroidPermission (376)
[2022.05.28-07.25.45:668][714]LogModuleManager: Shutting down and abandoning module NUTUnrealEngine4 (374)
[2022.05.28-07.25.45:668][714]LogModuleManager: Shutting down and abandoning module NetcodeUnitTest (372)
[2022.05.28-07.25.45:669][714]LogModuleManager: Shutting down and abandoning module MediaCompositingEditor (370)
[2022.05.28-07.25.45:669][714]LogModuleManager: Shutting down and abandoning module MediaCompositing (368)
[2022.05.28-07.25.45:669][714]LogModuleManager: Shutting down and abandoning module LinearTimecode (366)
[2022.05.28-07.25.45:669][714]LogModuleManager: Shutting down and abandoning module ImgMedia (364)
[2022.05.28-07.25.45:671][714]LogModuleManager: Shutting down and abandoning module HTML5Networking (362)
[2022.05.28-07.25.45:671][714]LogModuleManager: Shutting down and abandoning module GeometryCacheTracks (360)
[2022.05.28-07.25.45:671][714]LogModuleManager: Shutting down and abandoning module GeometryCacheSequencer (358)
[2022.05.28-07.25.45:671][714]LogModuleManager: Shutting down and abandoning module BackChannel (356)
[2022.05.28-07.25.45:671][714]LogModuleManager: Shutting down and abandoning module AppleVision (354)
[2022.05.28-07.25.45:671][714]LogModuleManager: Shutting down and abandoning module AppleImageUtils (352)
[2022.05.28-07.25.45:671][714]LogModuleManager: Shutting down and abandoning module AlembicImporter (350)
[2022.05.28-07.25.45:671][714]LogModuleManager: Shutting down and abandoning module AlembicLibrary (349)
[2022.05.28-07.25.45:672][714]LogModuleManager: Shutting down and abandoning module GeometryCache (348)
[2022.05.28-07.25.45:672][714]LogModuleManager: Shutting down and abandoning module GeometryCacheEd (347)
[2022.05.28-07.25.45:672][714]LogModuleManager: Shutting down and abandoning module DatasmithContentEditor (342)
[2022.05.28-07.25.45:672][714]LogModuleManager: Shutting down and abandoning module DatasmithContent (340)
[2022.05.28-07.25.45:672][714]LogModuleManager: Shutting down and abandoning module SpeedTreeImporter (338)
[2022.05.28-07.25.45:672][714]LogModuleManager: Shutting down and abandoning module PluginBrowser (336)
[2022.05.28-07.25.45:672][714]LogModuleManager: Shutting down and abandoning module MobileLauncherProfileWizard (334)
[2022.05.28-07.25.45:672][714]LogModuleManager: Shutting down and abandoning module PolygonModeling (332)
[2022.05.28-07.25.45:672][714]LogModuleManager: Shutting down and abandoning module MeshEditor (330)
[2022.05.28-07.25.45:672][714]LogModuleManager: Shutting down and abandoning module CryptoKeysOpenSSL (328)
[2022.05.28-07.25.45:672][714]LogModuleManager: Shutting down and abandoning module CryptoKeys (326)
[2022.05.28-07.25.45:672][714]LogModuleManager: Shutting down and abandoning module VisualStudioSourceCodeAccess (324)
[2022.05.28-07.25.45:672][714]LogModuleManager: Shutting down and abandoning module VisualStudioCodeSourceCodeAccess (322)
[2022.05.28-07.25.45:672][714]LogModuleManager: Shutting down and abandoning module UObjectPlugin (320)
[2022.05.28-07.25.45:672][714]LogModuleManager: Shutting down and abandoning module SubversionSourceControl (318)
[2022.05.28-07.25.45:672][714]LogModuleManager: Shutting down and abandoning module PerforceSourceControl (316)
[2022.05.28-07.25.45:672][714]LogModuleManager: Shutting down and abandoning module GitSourceControl (314)
[2022.05.28-07.25.45:673][714]LogModuleManager: Shutting down and abandoning module SourceControl (313)
[2022.05.28-07.25.45:673][714]LogModuleManager: Shutting down and abandoning module CLionSourceCodeAccess (310)
[2022.05.28-07.25.45:673][714]LogModuleManager: Shutting down and abandoning module LightPropagationVolumeEditor (308)
[2022.05.28-07.25.45:673][714]LogModuleManager: Shutting down and abandoning module PaperTiledImporter (306)
[2022.05.28-07.25.45:673][714]LogModuleManager: Shutting down and abandoning module PaperSpriteSheetImporter (304)
[2022.05.28-07.25.45:673][714]LogModuleManager: Shutting down and abandoning module Paper2DEditor (302)
[2022.05.28-07.25.45:673][714]LogModuleManager: Shutting down and abandoning module MeshPaint (301)
[2022.05.28-07.25.45:673][714]LogModuleManager: Shutting down and abandoning module RuntimePhysXCooking (298)
[2022.05.28-07.25.45:673][714]LogModuleManager: Shutting down and abandoning module PhysXVehiclesEditor (296)
[2022.05.28-07.25.45:673][714]LogModuleManager: Shutting down and abandoning module PhysXVehicles (294)
[2022.05.28-07.25.45:673][714]LogModuleManager: Shutting down and abandoning module OculusEditor (292)
[2022.05.28-07.25.45:673][714]LogModuleManager: Shutting down and abandoning module LocationServicesBPLibrary (290)
[2022.05.28-07.25.45:673][714]LogModuleManager: Shutting down and abandoning module ImmediatePhysicsEditor (288)
[2022.05.28-07.25.45:673][714]LogModuleManager: Shutting down and abandoning module ImmediatePhysics (286)
[2022.05.28-07.25.45:673][714]LogModuleManager: Shutting down and abandoning module ActorSequence (284)
[2022.05.28-07.25.45:673][714]LogModuleManager: Shutting down and abandoning module UdpMessaging (282)
[2022.05.28-07.25.45:774][714]LogModuleManager: Shutting down and abandoning module TcpMessaging (280)
[2022.05.28-07.25.45:874][714]LogModuleManager: Shutting down and abandoning module MagicLeapAudio (278)
[2022.05.28-07.25.45:874][714]LogModuleManager: Shutting down and abandoning module GameplayTagsEditor (276)
[2022.05.28-07.25.45:874][714]LogModuleManager: Shutting down and abandoning module FacialAnimationEditor (274)
[2022.05.28-07.25.45:874][714]LogModuleManager: Shutting down and abandoning module FacialAnimation (272)
[2022.05.28-07.25.45:874][714]LogModuleManager: Shutting down and abandoning module DataValidation (270)
[2022.05.28-07.25.45:875][714]LogModuleManager: Shutting down and abandoning module AssetManagerEditor (268)
[2022.05.28-07.25.45:875][714]LogModuleManager: Shutting down and abandoning module LevelEditor (267)
[2022.05.28-07.25.45:877][714]LogModuleManager: Shutting down and abandoning module PixelInspectorModule (266)
[2022.05.28-07.25.45:877][714]LogModuleManager: Shutting down and abandoning module CommonMenuExtensions (264)
[2022.05.28-07.25.45:877][714]LogModuleManager: Shutting down and abandoning module MainFrame (262)
[2022.05.28-07.25.45:877][714]LogModuleManager: Shutting down and abandoning module HotReload (261)
[2022.05.28-07.25.45:878][714]LogModuleManager: Shutting down and abandoning module ContentBrowser (257)
[2022.05.28-07.25.45:879][714]LogModuleManager: Shutting down and abandoning module TreeMap (255)
[2022.05.28-07.25.45:879][714]LogModuleManager: Shutting down and abandoning module LightPropagationVolumeRuntime (252)
[2022.05.28-07.25.45:879][714]LogModuleManager: Shutting down and abandoning module AISupportModule (250)
[2022.05.28-07.25.45:879][714]LogModuleManager: Shutting down and abandoning module Paper2D (248)
[2022.05.28-07.25.45:879][714]LogModuleManager: Shutting down and abandoning module WindowsMoviePlayer (246)
[2022.05.28-07.25.45:879][714]LogModuleManager: Shutting down and abandoning module WmfMedia (244)
[2022.05.28-07.25.45:881][714]LogModuleManager: Shutting down and abandoning module Media (243)
[2022.05.28-07.25.45:887][714]LogModuleManager: Shutting down and abandoning module PacketHandler (240)
[2022.05.28-07.25.45:887][714]LogModuleManager: Shutting down and abandoning module ClothingSystemEditor (238)
[2022.05.28-07.25.45:887][714]LogModuleManager: Shutting down and abandoning module ClothingSystemRuntime (236)
[2022.05.28-07.25.45:887][714]LogModuleManager: Shutting down and abandoning module MediaAssets (234)
[2022.05.28-07.25.45:887][714]LogModuleManager: Shutting down and abandoning module Overlay (232)
[2022.05.28-07.25.45:887][714]LogModuleManager: Shutting down and abandoning module OverlayEditor (231)
[2022.05.28-07.25.45:887][714]LogModuleManager: Shutting down and abandoning module VREditor (228)
[2022.05.28-07.25.45:887][714]LogModuleManager: Shutting down and abandoning module StringTableEditor (226)
[2022.05.28-07.25.45:887][714]LogModuleManager: Shutting down and abandoning module GameplayTasksEditor (224)
[2022.05.28-07.25.45:887][714]LogModuleManager: Shutting down and abandoning module BehaviorTreeEditor (222)
[2022.05.28-07.25.45:887][714]LogModuleManager: Shutting down and abandoning module FunctionalTesting (220)
[2022.05.28-07.25.45:887][714]LogModuleManager: Shutting down and abandoning module CollisionAnalyzer (218)
[2022.05.28-07.25.45:887][714]LogModuleManager: Shutting down and abandoning module WorkspaceMenuStructure (217)
[2022.05.28-07.25.45:887][714]LogModuleManager: Shutting down and abandoning module UMG (214)
[2022.05.28-07.25.45:887][714]LogModuleManager: Shutting down and abandoning module UMGEditor (213)
[2022.05.28-07.25.45:898][714]LogModuleManager: Shutting down and abandoning module Sequencer (212)
[2022.05.28-07.25.45:898][714]LogModuleManager: Shutting down and abandoning module MessageLog (209)
[2022.05.28-07.25.45:898][714]LogModuleManager: Shutting down and abandoning module SlateReflector (204)
[2022.05.28-07.25.45:899][714]LogModuleManager: Shutting down and abandoning module Slate (202)
[2022.05.28-07.25.45:899][714]LogModuleManager: Shutting down and abandoning module EditorStyle (200)
[2022.05.28-07.25.45:900][714]LogModuleManager: Shutting down and abandoning module MRMesh (198)
[2022.05.28-07.25.45:900][714]LogModuleManager: Shutting down and abandoning module SourceCodeAccess (196)
[2022.05.28-07.25.45:900][714]LogModuleManager: Shutting down and abandoning module HeadMountedDisplay (194)
[2022.05.28-07.25.45:900][714]LogModuleManager: Shutting down and abandoning module XAudio2 (192)
[2022.05.28-07.25.45:900][714]LogModuleManager: Shutting down and abandoning module Networking (190)
[2022.05.28-07.25.45:900][714]LogModuleManager: Shutting down and abandoning module Core (188)
[2022.05.28-07.25.45:900][714]LogModuleManager: Shutting down and abandoning module LevelSequence (186)
[2022.05.28-07.25.45:900][714]LogModuleManager: Shutting down and abandoning module KismetCompiler (184)
[2022.05.28-07.25.45:900][714]LogModuleManager: Shutting down and abandoning module MeshUtilities (182)
[2022.05.28-07.25.45:900][714]LogModuleManager: Shutting down and abandoning module MeshMergeUtilities (181)
[2022.05.28-07.25.45:900][714]LogModuleManager: Shutting down and abandoning module MeshReductionInterface (180)
[2022.05.28-07.25.45:900][714]LogModuleManager: Shutting down and abandoning module SimplygonSwarm (179)
[2022.05.28-07.25.45:900][714]LogModuleManager: Shutting down and abandoning module ProxyLODMeshReduction (177)
[2022.05.28-07.25.45:900][714]LogModuleManager: Shutting down and abandoning module SimplygonMeshReduction (175)
[2022.05.28-07.25.45:900][714]LogModuleManager: Shutting down and abandoning module QuadricMeshReduction (173)
[2022.05.28-07.25.45:900][714]LogModuleManager: Shutting down and abandoning module MaterialBaking (169)
[2022.05.28-07.25.45:900][714]LogModuleManager: Shutting down and abandoning module DirectoryWatcher (165)
[2022.05.28-07.25.45:901][714]LogModuleManager: Shutting down and abandoning module DerivedDataCache (162)
[2022.05.28-07.25.45:916][714]LogDerivedDataCache: Shutdown
[2022.05.28-07.25.45:916][714]LogModuleManager: Shutting down and abandoning module XGEController (160)
[2022.05.28-07.25.45:916][714]LogXGEController: Cleaning working directory: C:/Users/Daniele/AppData/Local/Temp/UnrealXGEWorkingDir/
[2022.05.28-07.25.45:916][714]LogModuleManager: Shutting down and abandoning module TargetPlatform (158)
[2022.05.28-07.25.45:916][714]LogModuleManager: Shutting down and abandoning module VulkanShaderFormat (157)
[2022.05.28-07.25.45:916][714]LogModuleManager: Shutting down and abandoning module ShaderFormatVectorVM (155)
[2022.05.28-07.25.45:916][714]LogModuleManager: Shutting down and abandoning module ShaderFormatOpenGL (153)
[2022.05.28-07.25.45:916][714]LogModuleManager: Shutting down and abandoning module ShaderFormatD3D (151)
[2022.05.28-07.25.45:916][714]LogModuleManager: Shutting down and abandoning module MetalShaderFormat (149)
[2022.05.28-07.25.45:916][714]LogModuleManager: Shutting down and abandoning module TextureFormatUncompressed (147)
[2022.05.28-07.25.45:916][714]LogModuleManager: Shutting down and abandoning module TextureFormatPVR (145)
[2022.05.28-07.25.45:916][714]LogModuleManager: Shutting down and abandoning module TextureFormatDXT (143)
[2022.05.28-07.25.45:916][714]LogModuleManager: Shutting down and abandoning module TextureFormatIntelISPCTexComp (141)
[2022.05.28-07.25.45:917][714]LogModuleManager: Shutting down and abandoning module TextureFormatASTC (139)
[2022.05.28-07.25.45:917][714]LogModuleManager: Shutting down and abandoning module ImageWrapper (138)
[2022.05.28-07.25.45:917][714]LogModuleManager: Shutting down and abandoning module TextureFormatAndroid (135)
[2022.05.28-07.25.45:917][714]LogModuleManager: Shutting down and abandoning module AudioFormatOpus (133)
[2022.05.28-07.25.45:917][714]LogModuleManager: Shutting down and abandoning module AudioFormatOgg (131)
[2022.05.28-07.25.45:917][714]LogModuleManager: Shutting down and abandoning module AudioFormatADPCM (129)
[2022.05.28-07.25.45:917][714]LogModuleManager: Shutting down and abandoning module LuminTargetPlatform (127)
[2022.05.28-07.25.45:917][714]LogModuleManager: Shutting down and abandoning module LinuxTargetPlatform (125)
[2022.05.28-07.25.45:917][714]LogModuleManager: Shutting down and abandoning module LinuxServerTargetPlatform (123)
[2022.05.28-07.25.45:917][714]LogModuleManager: Shutting down and abandoning module LinuxNoEditorTargetPlatform (121)
[2022.05.28-07.25.45:917][714]LogModuleManager: Shutting down and abandoning module LinuxClientTargetPlatform (119)
[2022.05.28-07.25.45:917][714]LogModuleManager: Shutting down and abandoning module TVOSTargetPlatform (117)
[2022.05.28-07.25.45:917][714]LogModuleManager: Shutting down and abandoning module Messaging (115)
[2022.05.28-07.25.45:917][714]LogModuleManager: Shutting down and abandoning module IOSTargetPlatform (113)
[2022.05.28-07.25.45:918][714]LogModuleManager: Shutting down and abandoning module HTML5TargetPlatform (111)
[2022.05.28-07.25.45:918][714]LogModuleManager: Shutting down and abandoning module AndroidTargetPlatform (109)
[2022.05.28-07.25.45:921][714]LogModuleManager: Shutting down and abandoning module WindowsTargetPlatform (107)
[2022.05.28-07.25.45:921][714]LogModuleManager: Shutting down and abandoning module WindowsServerTargetPlatform (105)
[2022.05.28-07.25.45:921][714]LogModuleManager: Shutting down and abandoning module WindowsNoEditorTargetPlatform (103)
[2022.05.28-07.25.45:921][714]LogModuleManager: Shutting down and abandoning module WindowsClientTargetPlatform (101)
[2022.05.28-07.25.45:921][714]LogModuleManager: Shutting down and abandoning module MacTargetPlatform (99)
[2022.05.28-07.25.45:921][714]LogModuleManager: Shutting down and abandoning module MacServerTargetPlatform (97)
[2022.05.28-07.25.45:921][714]LogModuleManager: Shutting down and abandoning module MacNoEditorTargetPlatform (95)
[2022.05.28-07.25.45:921][714]LogModuleManager: Shutting down and abandoning module MacClientTargetPlatform (93)
[2022.05.28-07.25.45:921][714]LogModuleManager: Shutting down and abandoning module AllDesktopTargetPlatform (91)
[2022.05.28-07.25.45:921][714]LogModuleManager: Shutting down and abandoning module InputCore (88)
[2022.05.28-07.25.45:921][714]LogModuleManager: Shutting down and abandoning module Settings (86)
[2022.05.28-07.25.45:921][714]LogModuleManager: Shutting down and abandoning module PhysXCooking (84)
[2022.05.28-07.25.45:921][714]LogModuleManager: Shutting down and abandoning module SteamVR (82)
[2022.05.28-07.25.45:921][714]LogModuleManager: Shutting down and abandoning module OculusHMD (80)
[2022.05.28-07.25.45:921][714]LogModuleManager: Shutting down and abandoning module ExampleDeviceProfileSelector (78)
[2022.05.28-07.25.45:921][714]LogModuleManager: Shutting down and abandoning module LauncherChunkInstaller (76)
[2022.05.28-07.25.45:922][714]LogModuleManager: Shutting down and abandoning module OnlineBlueprintSupport (74)
[2022.05.28-07.25.45:922][714]LogModuleManager: Shutting down and abandoning module OnlineSubsystem (70)
[2022.05.28-07.25.45:922][714]LogModuleManager: Shutting down and abandoning module XMPP (65)
[2022.05.28-07.25.45:922][714]LogModuleManager: Shutting down and abandoning module WebSockets (64)
[2022.05.28-07.25.45:948][714]LogModuleManager: Shutting down and abandoning module HTTP (61)
[2022.05.28-07.25.45:948][714]LogHttp: Display: Http module shutting down, but needs to wait on 1 outstanding Http requests:
[2022.05.28-07.25.45:948][714]LogHttp: Display: 	verb=[POST] url=[https://datarouter.ol.epicgames.com/datarouter/api/v1/public/data?SessionID=%7B15B03E85-40DB-5DCA-9B04-1BB9D3EF3708%7D&AppID=UEEditor.Rocket.Release&AppVersion=4.20.3-4369336%2B%2B%2BUE4%2BRelease-4.20&UserID=0031fd9a44235c4e92948cbe30fe9d32%7C13143216216e4d83ba5b61082448a415%7Caf20c423-bf64-429b-84c3-c091ba5a26c5&AppEnvironment=datacollector-binary&UploadType=eteventstream] status=Processing
[2022.05.28-07.25.45:966][714]LogModuleManager: Shutting down and abandoning module SSL (60)
[2022.05.28-07.25.45:967][714]LogModuleManager: Shutting down and abandoning module MagicLeapEmulator (56)
[2022.05.28-07.25.45:967][714]LogModuleManager: Shutting down and abandoning module MagicLeapPrivileges (54)
[2022.05.28-07.25.45:967][714]LogModuleManager: Shutting down and abandoning module MagicLeapIdentity (52)
[2022.05.28-07.25.45:967][714]LogModuleManager: Shutting down and abandoning module MagicLeapHelperVulkan (50)
[2022.05.28-07.25.45:967][714]LogModuleManager: Shutting down and abandoning module MagicLeapHelperOpenGL (48)
[2022.05.28-07.25.45:967][714]LogModuleManager: Shutting down and abandoning module MagicLeapSecureStorage (46)
[2022.05.28-07.25.45:967][714]LogModuleManager: Shutting down and abandoning module MagicLeapGestures (44)
[2022.05.28-07.25.45:967][714]LogModuleManager: Shutting down and abandoning module MagicLeapEyeTracker (42)
[2022.05.28-07.25.45:967][714]LogModuleManager: Shutting down and abandoning module MagicLeapController (40)
[2022.05.28-07.25.45:967][714]LogSlate: Slate User Destroyed.  User Index 0, Is Virtual User: 0
[2022.05.28-07.25.45:967][714]LogModuleManager: Shutting down and abandoning module MagicLeap (38)
[2022.05.28-07.25.45:967][714]LogModuleManager: Shutting down and abandoning module AnimationModifiers (36)
[2022.05.28-07.25.45:967][714]LogModuleManager: Shutting down and abandoning module PropertyEditor (35)
[2022.05.28-07.25.45:968][714]LogModuleManager: Shutting down and abandoning module AudioEditor (32)
[2022.05.28-07.25.45:968][714]LogModuleManager: Shutting down and abandoning module TextureCompressor (30)
[2022.05.28-07.25.45:968][714]LogModuleManager: Shutting down and abandoning module ShaderCore (28)
[2022.05.28-07.25.45:968][714]LogModuleManager: Shutting down and abandoning module Landscape (26)
[2022.05.28-07.25.45:968][714]LogModuleManager: Shutting down and abandoning module SlateRHIRenderer (24)
[2022.05.28-07.25.45:968][714]LogModuleManager: Shutting down and abandoning module OpenGLDrv (22)
[2022.05.28-07.25.45:968][714]LogModuleManager: Shutting down and abandoning module D3D11RHI (20)
[2022.05.28-07.25.45:968][714]LogModuleManager: Shutting down and abandoning module AnimGraphRuntime (18)
[2022.05.28-07.25.45:968][714]LogModuleManager: Shutting down and abandoning module Renderer (16)
[2022.05.28-07.25.45:968][714]LogModuleManager: Shutting down and abandoning module Engine (14)
[2022.05.28-07.25.45:968][714]LogModuleManager: Shutting down and abandoning module CoreUObject (12)
[2022.05.28-07.25.45:968][714]LogModuleManager: Shutting down and abandoning module NetworkFile (10)
[2022.05.28-07.25.45:968][714]LogModuleManager: Shutting down and abandoning module CookedIterativeFile (8)
[2022.05.28-07.25.45:968][714]LogModuleManager: Shutting down and abandoning module StreamingFile (6)
[2022.05.28-07.25.45:968][714]LogModuleManager: Shutting down and abandoning module SandboxFile (4)
[2022.05.28-07.25.45:968][714]LogModuleManager: Shutting down and abandoning module PakFile (2)
[2022.05.28-07.25.45:982][714]LogExit: Exiting.
[2022.05.28-07.25.45:992][714]Log file closed, 05/28/22 09:25:45
